<?xml version="1.0" encoding="UTF-8"?>
<!-- Generated by org.testng.reporters.JUnitReportReporter -->
<testsuite skipped="0" hostname="LAPTOP-8QDB9G5H" name="testRunner.TestNGTestRunner" tests="18" failures="5" timestamp="2021-03-20T19:01:04 SGT" time="3.274" errors="1">
  <testcase name="runScenario" time="0.111" classname="testRunner.TestNGTestRunner">
    <error type="java.lang.IllegalStateException" message="Expected response body to be verified as JSON, HTML or XML but no content-type was defined in the response.
Try registering a default parser using:
   RestAssured.defaultParser(&lt;parser type&gt;);
Content was:

">
      <![CDATA[java.lang.IllegalStateException: Expected response body to be verified as JSON, HTML or XML but no content-type was defined in the response.
Try registering a default parser using:
   RestAssured.defaultParser(<parser type>);
Content was:


at sun.reflect.NativeConstructorAccessorImpl.newInstance0(Native Method)
at sun.reflect.NativeConstructorAccessorImpl.newInstance(NativeConstructorAccessorImpl.java:62)
at sun.reflect.DelegatingConstructorAccessorImpl.newInstance(DelegatingConstructorAccessorImpl.java:45)
at java.lang.reflect.Constructor.newInstance(Constructor.java:423)
at org.codehaus.groovy.reflection.CachedConstructor.invoke(CachedConstructor.java:72)
at org.codehaus.groovy.reflection.CachedConstructor.doConstructorInvoke(CachedConstructor.java:59)
at org.codehaus.groovy.runtime.callsite.ConstructorSite$ConstructorSiteNoUnwrap.callConstructor(ConstructorSite.java:84)
at org.codehaus.groovy.runtime.callsite.CallSiteArray.defaultCallConstructor(CallSiteArray.java:59)
at org.codehaus.groovy.runtime.callsite.AbstractCallSite.callConstructor(AbstractCallSite.java:263)
at org.codehaus.groovy.runtime.callsite.AbstractCallSite.callConstructor(AbstractCallSite.java:277)
at io.restassured.assertion.StreamVerifier.newAssertion(StreamVerifier.groovy:43)
at io.restassured.assertion.StreamVerifier$newAssertion.call(Unknown Source)
at io.restassured.assertion.BodyMatcher.validate(BodyMatcher.groovy:85)
at io.restassured.assertion.BodyMatcher$validate$0.call(Unknown Source)
at org.codehaus.groovy.runtime.callsite.CallSiteArray.defaultCall(CallSiteArray.java:47)
at io.restassured.assertion.BodyMatcher$validate$0.call(Unknown Source)
at io.restassured.assertion.BodyMatcherGroup$_validate_closure2.doCall(BodyMatcherGroup.groovy:47)
at sun.reflect.GeneratedMethodAccessor136.invoke(Unknown Source)
at sun.reflect.DelegatingMethodAccessorImpl.invoke(DelegatingMethodAccessorImpl.java:43)
at java.lang.reflect.Method.invoke(Method.java:498)
at org.codehaus.groovy.reflection.CachedMethod.invoke(CachedMethod.java:107)
at groovy.lang.MetaMethod.doMethodInvoke(MetaMethod.java:323)
at org.codehaus.groovy.runtime.metaclass.ClosureMetaClass.invokeMethod(ClosureMetaClass.java:263)
at groovy.lang.MetaClassImpl.invokeMethod(MetaClassImpl.java:1029)
at groovy.lang.Closure.call(Closure.java:412)
at groovy.lang.Closure.call(Closure.java:428)
at org.codehaus.groovy.runtime.DefaultGroovyMethods.collect(DefaultGroovyMethods.java:3562)
at org.codehaus.groovy.runtime.DefaultGroovyMethods.collect(DefaultGroovyMethods.java:3547)
at org.codehaus.groovy.runtime.DefaultGroovyMethods.collect(DefaultGroovyMethods.java:3647)
at org.codehaus.groovy.runtime.dgm$101.invoke(Unknown Source)
at org.codehaus.groovy.runtime.callsite.PojoMetaMethodSite$PojoMetaMethodSiteNoUnwrapNoCoerce.invoke(PojoMetaMethodSite.java:247)
at org.codehaus.groovy.runtime.callsite.PojoMetaMethodSite.call(PojoMetaMethodSite.java:56)
at org.codehaus.groovy.runtime.callsite.AbstractCallSite.call(AbstractCallSite.java:139)
at io.restassured.assertion.BodyMatcherGroup.validate(BodyMatcherGroup.groovy:47)
at io.restassured.assertion.BodyMatcherGroup$validate$3.call(Unknown Source)
at org.codehaus.groovy.runtime.callsite.CallSiteArray.defaultCall(CallSiteArray.java:47)
at io.restassured.assertion.BodyMatcherGroup$validate$3.call(Unknown Source)
at io.restassured.internal.ResponseSpecificationImpl$HamcrestAssertionClosure.validate(ResponseSpecificationImpl.groovy:480)
at io.restassured.internal.ResponseSpecificationImpl$HamcrestAssertionClosure$validate$1.call(Unknown Source)
at io.restassured.internal.ResponseSpecificationImpl.validateResponseIfRequired(ResponseSpecificationImpl.groovy:674)
at sun.reflect.GeneratedMethodAccessor119.invoke(Unknown Source)
at sun.reflect.DelegatingMethodAccessorImpl.invoke(DelegatingMethodAccessorImpl.java:43)
at java.lang.reflect.Method.invoke(Method.java:498)
at org.codehaus.groovy.runtime.callsite.PlainObjectMetaMethodSite.doInvoke(PlainObjectMetaMethodSite.java:43)
at org.codehaus.groovy.runtime.callsite.PogoMetaMethodSite$PogoCachedMethodSiteNoUnwrapNoCoerce.invoke(PogoMetaMethodSite.java:193)
at org.codehaus.groovy.runtime.callsite.PogoMetaMethodSite.callCurrent(PogoMetaMethodSite.java:61)
at org.codehaus.groovy.runtime.callsite.AbstractCallSite.callCurrent(AbstractCallSite.java:185)
at io.restassured.internal.ResponseSpecificationImpl.body(ResponseSpecificationImpl.groovy:261)
at io.restassured.specification.ResponseSpecification$body$1.callCurrent(Unknown Source)
at io.restassured.internal.ResponseSpecificationImpl.body(ResponseSpecificationImpl.groovy:108)
at io.restassured.internal.ValidatableResponseOptionsImpl.body(ValidatableResponseOptionsImpl.java:244)
at io.restassured.internal.ValidatableResponseImpl.super$2$body(ValidatableResponseImpl.groovy)
at sun.reflect.GeneratedMethodAccessor124.invoke(Unknown Source)
at sun.reflect.DelegatingMethodAccessorImpl.invoke(DelegatingMethodAccessorImpl.java:43)
at java.lang.reflect.Method.invoke(Method.java:498)
at org.codehaus.groovy.reflection.CachedMethod.invoke(CachedMethod.java:107)
at groovy.lang.MetaMethod.doMethodInvoke(MetaMethod.java:323)
at groovy.lang.MetaClassImpl.invokeMethod(MetaClassImpl.java:1262)
at org.codehaus.groovy.runtime.ScriptBytecodeAdapter.invokeMethodOnSuperN(ScriptBytecodeAdapter.java:144)
at io.restassured.internal.ValidatableResponseImpl.body(ValidatableResponseImpl.groovy:298)
at io.restassured.internal.ValidatableResponseImpl.body(ValidatableResponseImpl.groovy)
at utilities.APIValidationUtil.validateBodyHasParameter(APIValidationUtil.java:27)
at steps.CommonSteps.i_should_see_field_in_response(CommonSteps.java:89)
at ✽.I should see "pupil deleted" description in response(file:///C:/Users/laksh/IdeaProjects/SnappetAPITest/src/test/java/features/DeletePupil.feature:15)
]]>
    </error>
  </testcase> <!-- runScenario -->
  <system-out/>
  <testcase name="runScenario" time="0.100" classname="testRunner.TestNGTestRunner"/>
  <system-out/>
  <testcase name="runScenario" time="0.037" classname="testRunner.TestNGTestRunner"/>
  <system-out/>
  <testcase name="runScenario" time="0.066" classname="testRunner.TestNGTestRunner">
    <failure type="java.lang.AssertionError" message="&quot;message&quot; field does not exist in response body

Actual Response body is {&quot;status&quot;:401,&quot;massage&quot;:&quot;Authorization header required&quot;}
">
      <![CDATA[java.lang.AssertionError: "message" field does not exist in response body

Actual Response body is {"status":401,"massage":"Authorization header required"}

at steps.AddPupilAPISteps.i_should_see_response_body_as_following_details(AddPupilAPISteps.java:156)
at ✽.I should see following values in response body(file:///C:/Users/laksh/IdeaProjects/SnappetAPITest/src/test/java/features/AddPupil.feature:42)
]]>
    </failure>
  </testcase> <!-- runScenario -->
  <system-out/>
  <testcase name="runScenario" time="0.081" classname="testRunner.TestNGTestRunner">
    <failure type="java.lang.AssertionError" message="&quot;message&quot; field does not exist in response body

Actual Response body is {&quot;status&quot;:401,&quot;massage&quot;:&quot;Authorization header required&quot;}
">
      <![CDATA[java.lang.AssertionError: "message" field does not exist in response body

Actual Response body is {"status":401,"massage":"Authorization header required"}

at steps.AddPupilAPISteps.i_should_see_response_body_as_following_details(AddPupilAPISteps.java:156)
at ✽.I should see following values in response body(file:///C:/Users/laksh/IdeaProjects/SnappetAPITest/src/test/java/features/DeletePupil.feature:36)
]]>
    </failure>
  </testcase> <!-- runScenario -->
  <system-out/>
  <testcase name="runScenario" time="0.000" classname="testRunner.TestNGTestRunner"/>
  <system-out/>
  <testcase name="runScenario" time="0.015" classname="testRunner.TestNGTestRunner"/>
  <system-out/>
  <testcase name="runScenario" time="0.185" classname="testRunner.TestNGTestRunner"/>
  <system-out/>
  <testcase name="runScenario" time="0.000" classname="testRunner.TestNGTestRunner"/>
  <system-out/>
  <testcase name="runScenario" time="0.060" classname="testRunner.TestNGTestRunner">
    <failure type="java.lang.AssertionError" message="1 expectation failed.
Expected status code &lt;404&gt; but was &lt;504&gt;.


Actual Response body is {&quot;status&quot;:504,&quot;massage&quot;:&quot;Pupil with ID: \&quot;12321\&quot; not found&quot;}
">
      <![CDATA[java.lang.AssertionError: 1 expectation failed.
Expected status code <404> but was <504>.


Actual Response body is {"status":504,"massage":"Pupil with ID: \"12321\" not found"}

at steps.CommonSteps.i_should_see_response_with_status_code_as(CommonSteps.java:34)
at ✽.I should see response with status code as 404(file:///C:/Users/laksh/IdeaProjects/SnappetAPITest/src/test/java/features/GetPupil.feature:25)
]]>
    </failure>
  </testcase> <!-- runScenario -->
  <system-out/>
  <testcase name="runScenario" time="0.067" classname="testRunner.TestNGTestRunner">
    <failure type="java.lang.AssertionError" message="1 expectation failed.
Expected status code &lt;404&gt; but was &lt;204&gt;.


Actual Response body is 
">
      <![CDATA[java.lang.AssertionError: 1 expectation failed.
Expected status code <404> but was <204>.


Actual Response body is 

at steps.CommonSteps.i_should_see_response_with_status_code_as(CommonSteps.java:34)
at ✽.I should see response with status code as 404(file:///C:/Users/laksh/IdeaProjects/SnappetAPITest/src/test/java/features/DeletePupil.feature:20)
]]>
    </failure>
  </testcase> <!-- runScenario -->
  <system-out/>
  <testcase name="runScenario" time="0.015" classname="testRunner.TestNGTestRunner"/>
  <system-out/>
  <testcase name="runScenario" time="0.015" classname="testRunner.TestNGTestRunner"/>
  <system-out/>
  <testcase name="runScenario" time="0.000" classname="testRunner.TestNGTestRunner"/>
  <system-out/>
  <testcase name="runScenario" time="2.310" classname="testRunner.TestNGTestRunner"/>
  <system-out/>
  <testcase name="runScenario" time="0.123" classname="testRunner.TestNGTestRunner"/>
  <system-out/>
  <testcase name="runScenario" time="0.000" classname="testRunner.TestNGTestRunner"/>
  <system-out/>
  <testcase name="runScenario" time="0.089" classname="testRunner.TestNGTestRunner">
    <failure type="java.lang.AssertionError" message="&quot;message&quot; field does not exist in response body

Actual Response body is {&quot;status&quot;:405,&quot;massage&quot;:&quot;DELETE method not allowed&quot;}
">
      <![CDATA[java.lang.AssertionError: "message" field does not exist in response body

Actual Response body is {"status":405,"massage":"DELETE method not allowed"}

at steps.AddPupilAPISteps.i_should_see_response_body_as_following_details(AddPupilAPISteps.java:156)
at ✽.I should see following values in response body(file:///C:/Users/laksh/IdeaProjects/SnappetAPITest/src/test/java/features/DeletePupil.feature:27)
]]>
    </failure>
  </testcase> <!-- runScenario -->
  <system-out/>
</testsuite> <!-- testRunner.TestNGTestRunner -->
